TN:
SF:script/Deploy.s.sol
FN:25,Deploy.setUp
FNDA:0,Deploy.setUp
DA:26,0
FN:29,Deploy.run
FNDA:0,Deploy.run
DA:30,0
DA:31,0
FN:34,Deploy._deployManager
FNDA:0,Deploy._deployManager
DA:35,0
DA:39,0
DA:43,0
DA:44,0
BRDA:44,0,0,-
BRDA:44,0,1,-
DA:45,0
FN:48,Deploy._deployEndorser
FNDA:0,Deploy._deployEndorser
DA:49,0
DA:53,0
DA:60,0
DA:61,0
DA:65,0
BRDA:65,1,0,-
BRDA:65,1,1,-
DA:66,0
FN:69,Deploy._toSalt
FNDA:0,Deploy._toSalt
DA:70,0
DA:71,0
FNF:5
FNH:0
LF:16
LH:0
BRF:4
BRH:0
end_of_record
TN:
SF:script/utils/Base.s.sol
FN:27,BaseScript.
FNDA:0,BaseScript.
DA:28,0
DA:29,0
BRDA:29,0,0,-
BRDA:29,0,1,-
DA:30,0
DA:32,0
DA:36,0
FN:40,BaseScript.broadcast
FNDA:0,BaseScript.broadcast
DA:41,0
DA:43,0
FNF:2
FNH:0
LF:7
LH:0
BRF:2
BRH:0
end_of_record
TN:
SF:src/Endorser.sol
FN:66,Endorser.
FNDA:78,Endorser.
DA:67,78
FN:71,Endorser.getProvenanceHash
FNDA:256,Endorser.getProvenanceHash
DA:74,256
FN:78,Endorser.initialize
FNDA:79,Endorser.initialize
DA:82,78
DA:83,78
DA:84,78
DA:85,78
DA:86,78
DA:87,78
FN:91,Endorser.WITNESS
FNDA:257,Endorser.WITNESS
DA:92,257
FN:96,Endorser.mint
FNDA:1024,Endorser.mint
DA:100,1024
DA:101,256
FN:107,Endorser.setWitness
FNDA:256,Endorser.setWitness
DA:108,256
FN:111,Endorser._baseURI
FNDA:256,Endorser._baseURI
DA:112,256
FN:123,Endorser._validateAndNullifyProof
FNDA:1024,Endorser._validateAndNullifyProof
DA:127,1024
DA:130,1024
BRDA:130,0,0,256
DA:134,768
DA:147,256
BRDA:147,1,0,256
DA:150,512
DA:154,512
BRDA:154,2,0,256
DA:157,256
DA:160,256
FN:164,Endorser._getEndorserStorage
FNDA:1615,Endorser._getEndorserStorage
DA:170,1615
FN:174,Endorser._authorizeUpgrade
FNDA:0,Endorser._authorizeUpgrade
FNF:10
FNH:9
LF:22
LH:22
BRF:3
BRH:3
end_of_record
TN:
SF:src/Tintero.sol
FN:90,Tintero.totalAssets
FNDA:256,Tintero.totalAssets
DA:91,39339
FN:95,Tintero.totalAssetsLent
FNDA:0,Tintero.totalAssetsLent
DA:96,0
FN:100,Tintero.lentTo
FNDA:0,Tintero.lentTo
DA:101,0
FN:104,Tintero.isLoan
FNDA:256,Tintero.isLoan
DA:105,512
FN:110,Tintero.maxWithdraw
FNDA:256,Tintero.maxWithdraw
DA:111,2048
DA:113,2048
DA:114,2048
FN:122,Tintero.maxRedeem
FNDA:256,Tintero.maxRedeem
DA:123,2048
DA:124,2048
DA:125,2048
FN:140,Tintero.onDebit
FNDA:0,Tintero.onDebit
DA:141,0
DA:142,0
BRDA:142,0,0,-
DA:143,0
DA:144,0
FN:152,Tintero.requestLoan
FNDA:768,Tintero.requestLoan
DA:160,768
DA:168,768
BRDA:168,1,0,256
FN:180,Tintero.pushPayments
FNDA:512,Tintero.pushPayments
DA:185,256
BRDA:185,2,0,-
DA:187,256
FN:195,Tintero.pushTranches
FNDA:0,Tintero.pushTranches
DA:200,0
BRDA:200,3,0,-
DA:202,0
FN:210,Tintero.fundN
FNDA:0,Tintero.fundN
DA:211,0
DA:212,0
BRDA:212,4,0,-
DA:214,0
DA:215,0
DA:216,0
DA:217,0
DA:218,0
DA:219,0
DA:220,0
FN:228,Tintero.repossess
FNDA:0,Tintero.repossess
DA:233,0
DA:234,0
BRDA:234,5,0,-
DA:235,0
DA:237,0
BRDA:237,6,0,-
BRDA:237,6,1,-
FN:246,Tintero._decimalsOffset
FNDA:0,Tintero._decimalsOffset
DA:247,0
FN:255,Tintero._prefix
FNDA:140,Tintero._prefix
DA:259,140
FNF:14
FNH:7
LF:35
LH:13
BRF:8
BRH:1
end_of_record
TN:
SF:src/TinteroLoan.factory.sol
FN:21,TinteroLoanFactory.predictLoanAddress
FNDA:512,TinteroLoanFactory.predictLoanAddress
DA:34,1280
DA:41,1280
DA:42,1280
FN:50,TinteroLoanFactory._deployLoan
FNDA:768,TinteroLoanFactory._deployLoan
DA:58,768
DA:68,768
DA:69,512
BRDA:69,0,0,512
DA:71,768
DA:72,768
FN:76,TinteroLoanFactory._loanProxyBytecode
FNDA:1280,TinteroLoanFactory._loanProxyBytecode
DA:83,1280
DA:84,1280
FN:105,TinteroLoanFactory._salt
FNDA:1792,TinteroLoanFactory._salt
DA:110,1792
DA:111,1792
DA:112,1792
FNF:4
FNH:4
LF:13
LH:13
BRF:1
BRH:1
end_of_record
TN:
SF:src/TinteroLoan.sol
FN:61,TinteroLoan.
FNDA:70,TinteroLoan.
DA:62,70
FN:80,TinteroLoan.initialize
FNDA:512,TinteroLoan.initialize
DA:89,512
DA:90,512
DA:91,512
BRDA:91,0,0,-
DA:92,512
DA:93,512
DA:94,512
DA:95,512
DA:96,512
FN:127,TinteroLoan.pushPayments
FNDA:256,TinteroLoan.pushPayments
DA:131,256
DA:132,0
BRDA:132,1,0,-
DA:133,256
DA:134,256
FN:153,TinteroLoan.pushTranches
FNDA:0,TinteroLoan.pushTranches
DA:157,0
DA:158,0
BRDA:158,2,0,-
DA:159,0
DA:160,0
FN:180,TinteroLoan.fundN
FNDA:0,TinteroLoan.fundN
DA:182,0
BRDA:182,3,0,-
DA:183,0
DA:187,0
DA:190,0
DA:193,0
DA:199,0
FN:215,TinteroLoan.withdrawPaymentCollateral
FNDA:0,TinteroLoan.withdrawPaymentCollateral
DA:217,0
BRDA:217,5,0,-
DA:218,0
DA:224,0
FN:228,TinteroLoan.repayCurrent
FNDA:0,TinteroLoan.repayCurrent
DA:229,0
FN:248,TinteroLoan.repayN
FNDA:0,TinteroLoan.repayN
DA:250,0
DA:256,0
DA:257,0
DA:260,0
FN:276,TinteroLoan.repossess
FNDA:0,TinteroLoan.repossess
DA:278,0
DA:279,0
BRDA:279,6,0,-
DA:280,0
DA:286,0
FN:312,TinteroLoan._validatePushPaymentsAndCollectCollateral
FNDA:768,TinteroLoan._validatePushPaymentsAndCollectCollateral
DA:316,768
DA:318,768
DA:319,0
BRDA:319,7,0,-
DA:321,768
DA:322,768
DA:324,768
BRDA:324,8,0,256
DA:325,256
DA:326,256
DA:330,768
DA:331,2304
DA:339,768
DA:340,768
DA:341,2304
FN:358,TinteroLoan._validateAndPushTranches
FNDA:0,TinteroLoan._validateAndPushTranches
DA:362,0
DA:364,0
DA:365,0
BRDA:365,9,0,-
DA:368,0
DA:369,0
DA:370,0
DA:371,0
DA:372,0
DA:373,0
DA:374,0
BRDA:374,10,0,-
DA:375,0
DA:376,0
DA:383,0
BRDA:383,11,0,-
FN:394,TinteroLoan._validatePushPayment
FNDA:2304,TinteroLoan._validatePushPayment
DA:401,2304
DA:402,2304
BRDA:402,12,0,-
DA:404,2304
DA:405,0
BRDA:405,13,0,-
DA:408,2304
DA:409,2304
DA:411,0
BRDA:411,14,0,-
DA:412,2304
DA:413,2304
DA:414,2304
DA:415,2304
FN:425,TinteroLoan._collectCollateral
FNDA:2304,TinteroLoan._collectCollateral
DA:430,2304
DA:431,2304
BRDA:431,15,0,2304
DA:434,2304
FN:447,TinteroLoan._fundN
FNDA:0,TinteroLoan._fundN
DA:448,0
DA:449,0
DA:450,0
DA:452,0
DA:453,0
DA:455,0
DA:456,0
DA:457,0
DA:460,0
DA:461,0
DA:462,0
DA:465,0
FN:475,TinteroLoan._withdrawPaymentCollateral
FNDA:0,TinteroLoan._withdrawPaymentCollateral
DA:481,0
DA:482,0
BRDA:482,16,0,-
DA:485,0
DA:486,0
DA:487,0
DA:492,0
FN:503,TinteroLoan._prepareToPay
FNDA:0,TinteroLoan._prepareToPay
DA:507,0
DA:508,0
DA:511,0
DA:512,0
DA:513,0
DA:514,0
DA:515,0
DA:524,0
FN:539,TinteroLoan._repay
FNDA:0,TinteroLoan._repay
DA:544,0
DA:545,0
DA:546,0
DA:547,0
DA:548,0
FN:562,TinteroLoan._repossess
FNDA:0,TinteroLoan._repossess
DA:564,0
DA:565,0
BRDA:565,17,0,-
DA:567,0
DA:569,0
DA:570,0
DA:571,0
DA:573,0
DA:576,0
DA:578,0
DA:579,0
DA:580,0
FN:588,TinteroLoan._authorizeUpgrade
FNDA:0,TinteroLoan._authorizeUpgrade
FN:599,TinteroLoan._validateStateBitmap
FNDA:256,TinteroLoan._validateStateBitmap
DA:602,256
DA:603,256
DA:604,0
BRDA:604,18,0,-
FN:616,TinteroLoan._encodeStateBitmap
FNDA:512,TinteroLoan._encodeStateBitmap
DA:619,512
FN:632,TinteroLoan._repayByTranches
FNDA:0,TinteroLoan._repayByTranches
DA:636,0
DA:637,0
DA:641,0
BRDA:641,19,0,-
BRDA:641,19,1,-
DA:643,0
DA:644,0
DA:645,0
DA:647,0
DA:648,0
BRDA:648,20,0,-
BRDA:648,20,1,-
DA:649,0
DA:652,0
DA:656,0
DA:657,0
DA:662,0
DA:663,0
FN:672,TinteroLoan._disposeCollateral
FNDA:0,TinteroLoan._disposeCollateral
DA:677,0
DA:678,0
DA:679,0
DA:680,0
BRDA:680,21,0,-
BRDA:679,21,1,-
DA:682,0
FNF:23
FNH:8
LF:140
LH:39
BRF:24
BRH:2
end_of_record
TN:
SF:src/TinteroLoan.storage.sol
FN:35,TinteroLoanStorage.getTinteroLoanStorage
FNDA:6656,TinteroLoanStorage.getTinteroLoanStorage
DA:41,6656
FNF:1
FNH:1
LF:1
LH:1
BRF:0
BRH:0
end_of_record
TN:
SF:src/TinteroLoan.view.sol
FN:21,TinteroLoanView.lendingAsset
FNDA:0,TinteroLoanView.lendingAsset
DA:22,0
FN:26,TinteroLoanView.collateralAsset
FNDA:0,TinteroLoanView.collateralAsset
DA:27,768
FN:31,TinteroLoanView.liquidityProvider
FNDA:0,TinteroLoanView.liquidityProvider
DA:32,256
FN:37,TinteroLoanView.tranche
FNDA:0,TinteroLoanView.tranche
DA:40,0
DA:43,0
FN:47,TinteroLoanView.currentTrancheIndex
FNDA:0,TinteroLoanView.currentTrancheIndex
DA:48,0
DA:49,0
FN:55,TinteroLoanView.currentTranche
FNDA:0,TinteroLoanView.currentTranche
DA:60,0
FN:64,TinteroLoanView.totalTranches
FNDA:0,TinteroLoanView.totalTranches
DA:65,0
FN:69,TinteroLoanView.payment
FNDA:0,TinteroLoanView.payment
DA:76,256
DA:77,256
FN:81,TinteroLoanView.currentPaymentIndex
FNDA:0,TinteroLoanView.currentPaymentIndex
DA:82,256
FN:86,TinteroLoanView.currentPayment
FNDA:0,TinteroLoanView.currentPayment
DA:91,0
FN:95,TinteroLoanView.totalPayments
FNDA:0,TinteroLoanView.totalPayments
DA:96,1536
FN:100,TinteroLoanView.currentFundingIndex
FNDA:0,TinteroLoanView.currentFundingIndex
DA:101,256
FN:105,TinteroLoanView.currentPaymentFunding
FNDA:0,TinteroLoanView.currentPaymentFunding
DA:110,0
FN:114,TinteroLoanView.beneficiary
FNDA:0,TinteroLoanView.beneficiary
DA:115,0
FN:119,TinteroLoanView.defaultThreshold
FNDA:0,TinteroLoanView.defaultThreshold
DA:120,256
FN:124,TinteroLoanView.state
FNDA:0,TinteroLoanView.state
DA:125,256
DA:126,256
DA:129,256
DA:130,256
DA:132,256
DA:133,256
DA:134,256
DA:135,256
FN:138,TinteroLoanView._defaulted
FNDA:256,TinteroLoanView._defaulted
DA:139,256
DA:140,256
DA:141,256
DA:143,256
DA:145,0
DA:147,0
DA:148,0
DA:149,0
DA:150,0
DA:153,0
FNF:17
FNH:1
LF:36
LH:20
BRF:0
BRH:0
end_of_record
TN:
SF:src/utils/PaymentLib.sol
FN:33,PaymentLib.matured
FNDA:2304,PaymentLib.matured
DA:34,2304
FN:38,PaymentLib.matured
FNDA:2304,PaymentLib.matured
DA:42,2304
FN:46,PaymentLib.maturedAt
FNDA:4864,PaymentLib.maturedAt
DA:47,4864
FN:51,PaymentLib.defaulted
FNDA:0,PaymentLib.defaulted
DA:52,0
FN:56,PaymentLib.defaulted
FNDA:0,PaymentLib.defaulted
DA:60,0
FN:64,PaymentLib.defaultedAt
FNDA:0,PaymentLib.defaultedAt
DA:65,0
FN:69,PaymentLib.accruedInterest
FNDA:0,PaymentLib.accruedInterest
DA:73,0
DA:74,0
FN:78,PaymentLib.regularAccruedInterest
FNDA:0,PaymentLib.regularAccruedInterest
DA:82,0
DA:83,0
DA:84,0
FN:88,PaymentLib.premiumAccruedInterest
FNDA:0,PaymentLib.premiumAccruedInterest
DA:92,0
DA:93,0
FN:98,PaymentLib._accruedInterest
FNDA:0,PaymentLib._accruedInterest
DA:104,0
DA:105,0
DA:106,0
FNF:10
FNH:3
LF:16
LH:3
BRF:0
BRH:0
end_of_record
TN:
SF:test/Base.t.sol
FN:33,BaseTest.setUp
FNDA:39,BaseTest.setUp
DA:34,39
DA:37,39
DA:45,39
DA:46,39
DA:58,39
DA:63,39
FN:66,BaseTest._setupManagerRole
FNDA:39,BaseTest._setupManagerRole
DA:67,39
DA:68,39
DA:69,39
DA:70,39
DA:71,39
DA:73,39
FNF:2
FNH:2
LF:12
LH:12
BRF:0
BRH:0
end_of_record
TN:
SF:test/Tintero.t.sol
FN:17,ERC20Mock.mint
FNDA:57986,ERC20Mock.mint
DA:18,57986
FN:21,ERC20Mock.burn
FNDA:1918,ERC20Mock.burn
DA:22,1918
FNF:2
FNH:2
LF:2
LH:2
BRF:0
BRH:0
end_of_record
TN:
SF:test/USDCTest.t.sol
FN:38,USDCTest.setUp
FNDA:39,USDCTest.setUp
DA:39,39
BRDA:39,0,0,39
BRDA:39,0,1,-
DA:41,39
DA:42,39
DA:54,0
DA:56,0
DA:59,0
FNF:1
FNH:1
LF:6
LH:3
BRF:2
BRH:1
end_of_record
TN:
SF:test/mocks/EndorserMock.sol
FN:10,EndorserMock.getProvenanceHash
FNDA:256,EndorserMock.getProvenanceHash
DA:13,256
FN:16,EndorserMock.verifyProof
FNDA:256,EndorserMock.verifyProof
DA:19,256
FN:22,EndorserMock.safeVerifyProof
FNDA:0,EndorserMock.safeVerifyProof
DA:30,0
FN:33,EndorserMock.$_safeMint
FNDA:2560,EndorserMock.$_safeMint
DA:34,2560
FNF:4
FNH:3
LF:4
LH:3
BRF:0
BRH:0
end_of_record
TN:
SF:test/mocks/MockWitnessConsumer.sol
FN:25,MockWitnessConsumer.setMockVal
FNDA:256,MockWitnessConsumer.setMockVal
DA:26,256
FN:30,MockWitnessConsumer.getProvenanceHash
FNDA:0,MockWitnessConsumer.getProvenanceHash
DA:33,0
FN:37,MockWitnessConsumer.verifyProof
FNDA:256,MockWitnessConsumer.verifyProof
DA:38,256
BRDA:38,0,0,-
FN:42,MockWitnessConsumer.safeVerifyProof
FNDA:0,MockWitnessConsumer.safeVerifyProof
DA:45,0
FNF:4
FNH:2
LF:4
LH:2
BRF:1
BRH:0
end_of_record
TN:
SF:test/mocks/TinteroMock.sol
FN:14,TinteroMock._decimalsOffset
FNDA:39084,TinteroMock._decimalsOffset
DA:19,0
FNF:1
FNH:1
LF:1
LH:0
BRF:0
BRH:0
end_of_record
