TN:
SF:src/Endorser.sol
DA:66,578
FN:66,Endorser.constructor
FNDA:578,Endorser.constructor
DA:67,578
DA:71,256
FN:71,Endorser.getProvenanceHash
FNDA:256,Endorser.getProvenanceHash
DA:74,256
DA:78,67
FN:78,Endorser.initialize
FNDA:67,Endorser.initialize
DA:82,66
DA:83,66
DA:84,66
DA:85,66
DA:86,66
DA:87,66
DA:91,257
FN:91,Endorser.WITNESS
FNDA:257,Endorser.WITNESS
DA:92,257
DA:96,1024
FN:96,Endorser.mint
FNDA:1024,Endorser.mint
DA:100,1024
DA:101,256
DA:107,256
FN:107,Endorser.setWitness
FNDA:256,Endorser.setWitness
DA:108,256
DA:111,256
FN:111,Endorser._baseURI
FNDA:256,Endorser._baseURI
DA:112,256
DA:123,1024
FN:123,Endorser._validateAndNullifyProof
FNDA:1024,Endorser._validateAndNullifyProof
DA:127,1024
DA:130,1024
BRDA:130,0,0,256
DA:134,768
DA:147,256
BRDA:147,1,0,256
DA:150,512
DA:154,512
BRDA:154,2,0,256
DA:157,256
DA:160,256
DA:164,1603
FN:164,Endorser._getEndorserStorage
FNDA:1603,Endorser._getEndorserStorage
DA:170,1603
DA:174,512
FN:174,Endorser._authorizeUpgrade
FNDA:512,Endorser._authorizeUpgrade
FNF:10
FNH:10
LF:32
LH:32
BRF:3
BRH:3
end_of_record
TN:
SF:src/TinteroLoan.factory.sol
DA:26,6656
FN:26,TinteroLoanFactory.predictLoanAddress
FNDA:6656,TinteroLoanFactory.predictLoanAddress
DA:37,13824
DA:42,13824
DA:43,13824
DA:51,7168
FN:51,TinteroLoanFactory._deployLoan
FNDA:7168,TinteroLoanFactory._deployLoan
DA:57,7168
DA:65,7168
BRDA:65,0,0,6912
DA:66,6912
DA:67,6656
DA:75,6912
DA:79,13824
FN:79,TinteroLoanFactory._loanProxyBytecode
FNDA:13824,TinteroLoanFactory._loanProxyBytecode
DA:84,13824
DA:85,13824
DA:103,20736
FN:103,TinteroLoanFactory._salt
FNDA:20736,TinteroLoanFactory._salt
DA:108,20736
DA:109,20736
DA:110,20736
FNF:4
FNH:4
LF:17
LH:17
BRF:1
BRH:1
end_of_record
TN:
SF:src/TinteroLoan.sol
DA:64,3328
FN:64,TinteroLoan.onlyLiquidityProvider
FNDA:3328,TinteroLoan.onlyLiquidityProvider
DA:65,3328
DA:66,256
BRDA:66,0,0,256
DA:71,512
FN:71,TinteroLoan.onlyBeneficiary
FNDA:512,TinteroLoan.onlyBeneficiary
DA:72,512
BRDA:72,1,0,256
DA:77,357
FN:77,TinteroLoan.constructor
FNDA:357,TinteroLoan.constructor
DA:78,357
DA:87,7168
FN:87,TinteroLoan.initialize
FNDA:7168,TinteroLoan.initialize
DA:93,6912
BRDA:93,2,0,256
DA:94,6656
DA:95,6656
DA:96,6656
DA:97,6656
DA:98,6656
DA:126,8448
FN:126,TinteroLoan.pushPayments
FNDA:8448,TinteroLoan.pushPayments
DA:130,8192
DA:131,8192
DA:132,8192
DA:155,3328
FN:155,TinteroLoan.pushTranches
FNDA:3328,TinteroLoan.pushTranches
DA:159,3072
DA:160,3072
DA:180,1792
FN:180,TinteroLoan.fundN
FNDA:1792,TinteroLoan.fundN
DA:181,1792
DA:184,1792
DA:185,1792
BRDA:185,4,0,256
DA:186,1536
DA:192,1536
DA:196,1536
DA:216,512
FN:216,TinteroLoan.withdrawPaymentCollateral
FNDA:512,TinteroLoan.withdrawPaymentCollateral
DA:220,256
DA:226,256
DA:230,256
FN:230,TinteroLoan.repayCurrent
FNDA:256,TinteroLoan.repayCurrent
DA:231,256
DA:251,256
FN:251,TinteroLoan.repayN
FNDA:256,TinteroLoan.repayN
DA:253,512
DA:259,512
DA:260,512
DA:263,512
DA:280,1024
FN:280,TinteroLoan.repossess
FNDA:1024,TinteroLoan.repossess
DA:285,768
DA:291,512
DA:317,8192
FN:317,TinteroLoan._validatePushPaymentsAndCollectCollateral
FNDA:8192,TinteroLoan._validatePushPaymentsAndCollectCollateral
DA:321,8192
DA:323,8192
DA:324,256
BRDA:324,5,0,256
DA:326,7936
DA:327,7936
DA:329,7936
BRDA:329,6,0,1202
DA:330,1202
DA:334,7936
DA:335,7936
DA:336,719167
DA:342,718655
DA:345,7424
DA:346,7424
DA:347,718399
DA:349,7424
DA:367,3072
FN:367,TinteroLoan._validateAndPushTranches
FNDA:3072,TinteroLoan._validateAndPushTranches
DA:371,3072
DA:373,3072
DA:374,256
BRDA:374,7,0,256
DA:377,2816
DA:378,2816
DA:379,2816
DA:380,2816
DA:381,209978
DA:382,209978
DA:383,256
BRDA:383,8,0,256
DA:384,209722
DA:385,209722
DA:386,209722
DA:393,2560
BRDA:393,9,0,256
DA:409,719167
FN:409,TinteroLoan._validatePushPayment
FNDA:719167,TinteroLoan._validatePushPayment
DA:416,719167
DA:417,719167
BRDA:417,10,0,233
DA:419,718934
DA:420,23
BRDA:420,11,0,23
DA:423,718911
DA:424,718911
DA:426,256
BRDA:426,12,0,256
DA:427,718655
DA:428,718655
DA:429,718655
DA:430,718655
DA:444,718399
FN:444,TinteroLoan._collectCollateral
FNDA:718399,TinteroLoan._collectCollateral
DA:449,718399
DA:450,718399
BRDA:450,13,0,718399
DA:453,718399
DA:466,1536
FN:466,TinteroLoan._fundN
FNDA:1536,TinteroLoan._fundN
DA:467,1536
DA:468,1536
DA:469,1536
DA:471,1536
DA:472,1536
DA:474,1536
DA:475,1536
DA:476,1536
DA:477,288062
DA:479,1536
DA:480,1536
DA:482,1536
DA:496,256
FN:496,TinteroLoan._withdrawPaymentCollateral
FNDA:256,TinteroLoan._withdrawPaymentCollateral
DA:502,256
DA:503,256
BRDA:503,14,0,256
DA:506,256
DA:507,256
DA:526,512
FN:526,TinteroLoan._repay
FNDA:512,TinteroLoan._repay
DA:531,512
DA:532,512
DA:533,512
DA:534,512
DA:549,512
FN:549,TinteroLoan._repossess
FNDA:512,TinteroLoan._repossess
DA:556,512
DA:557,512
BRDA:557,15,0,512
DA:559,512
DA:561,512
DA:562,512
DA:563,29787
DA:565,512
DA:566,512
DA:568,512
DA:571,256
FN:571,TinteroLoan._authorizeUpgrade
FNDA:256,TinteroLoan._authorizeUpgrade
DA:582,14336
FN:582,TinteroLoan._validateStateBitmap
FNDA:14336,TinteroLoan._validateStateBitmap
DA:585,14336
DA:586,14336
DA:587,256
BRDA:587,16,0,256
DA:599,31744
FN:599,TinteroLoan._encodeStateBitmap
FNDA:31744,TinteroLoan._encodeStateBitmap
DA:602,31744
DA:619,512
FN:619,TinteroLoan._repayByTranches
FNDA:512,TinteroLoan._repayByTranches
DA:623,512
DA:625,512
DA:626,512
DA:627,512
DA:630,512
DA:634,49627
DA:635,49115
DA:637,49627
DA:641,49627
DA:643,49627
DA:644,49627
DA:656,49627
FN:656,TinteroLoan._prepareToPay
FNDA:49627,TinteroLoan._prepareToPay
DA:660,49627
DA:661,49627
DA:662,133638
DA:663,133638
DA:664,133638
DA:665,133638
DA:667,49627
DA:668,49627
DA:680,1280
FN:680,TinteroLoan._debitCollateral
FNDA:1280,TinteroLoan._debitCollateral
DA:686,1280
DA:687,1280
DA:688,173075
DA:689,1723
BRDA:689,18,0,1723
BRDA:688,18,1,171352
DA:691,171352
DA:702,51675
FN:702,TinteroLoan._getFreePointer
FNDA:51675,TinteroLoan._getFreePointer
DA:704,51675
DA:711,51675
FN:711,TinteroLoan._setFreePointer
FNDA:51675,TinteroLoan._setFreePointer
DA:713,51675
FNF:27
FNH:27
LF:159
LH:159
BRF:18
BRH:18
end_of_record
TN:
SF:src/TinteroLoan.storage.sol
DA:35,1921252
FN:35,TinteroLoanStorage.getTinteroLoanStorage
FNDA:1921252,TinteroLoanStorage.getTinteroLoanStorage
DA:41,1921252
FNF:1
FNH:1
LF:2
LH:2
BRF:0
BRH:0
end_of_record
TN:
SF:src/TinteroLoan.view.sol
DA:21,1024
FN:21,TinteroLoanView.lendingAsset
FNDA:1024,TinteroLoanView.lendingAsset
DA:22,52187
DA:26,256
FN:26,TinteroLoanView.collateralAsset
FNDA:256,TinteroLoanView.collateralAsset
DA:27,180755
DA:31,256
FN:31,TinteroLoanView.liquidityProvider
FNDA:256,TinteroLoanView.liquidityProvider
DA:32,66779
DA:37,6752
FN:37,TinteroLoanView.tranche
FNDA:6752,TinteroLoanView.tranche
DA:40,58171
DA:43,58171
DA:47,256
FN:47,TinteroLoanView.currentTrancheIndex
FNDA:256,TinteroLoanView.currentTrancheIndex
DA:48,768
DA:50,768
DA:56,256
FN:56,TinteroLoanView.totalTranches
FNDA:256,TinteroLoanView.totalTranches
DA:57,7424
DA:61,20367
FN:61,TinteroLoanView.payment
FNDA:20367,TinteroLoanView.payment
DA:64,548442
DA:68,20367
FN:68,TinteroLoanView.collateralId
FNDA:20367,TinteroLoanView.collateralId
DA:69,193442
DA:73,1006
FN:73,TinteroLoanView.currentPaymentIndex
FNDA:1006,TinteroLoanView.currentPaymentIndex
DA:74,23278
DA:78,512
FN:78,TinteroLoanView.totalPayments
FNDA:512,TinteroLoanView.totalPayments
DA:79,49865
DA:83,768
FN:83,TinteroLoanView.currentFundingIndex
FNDA:768,TinteroLoanView.currentFundingIndex
DA:84,23296
DA:88,256
FN:88,TinteroLoanView.beneficiary
FNDA:256,TinteroLoanView.beneficiary
DA:89,2560
DA:93,256
FN:93,TinteroLoanView.defaultThreshold
FNDA:256,TinteroLoanView.defaultThreshold
DA:94,14281
DA:98,6656
FN:98,TinteroLoanView.state
FNDA:6656,TinteroLoanView.state
DA:99,20992
DA:100,20992
DA:103,20992
DA:104,20992
DA:105,20992
DA:106,14025
DA:108,14025
DA:109,13484
BRDA:109,5,0,739
DA:110,739
DA:111,0
DA:113,12745
DA:116,14025
FN:116,TinteroLoanView._defaulted
FNDA:14025,TinteroLoanView._defaulted
DA:117,14025
DA:118,14025
DA:120,14025
DA:123,13605
DA:124,75386
DA:127,541
FNF:15
FNH:15
LF:47
LH:46
BRF:1
BRH:1
end_of_record
TN:
SF:src/TinteroVault.sol
DA:85,3328
FN:85,TinteroVault.onlyLoan
FNDA:3328,TinteroVault.onlyLoan
DA:86,3328
BRDA:86,0,0,256
DA:108,768
FN:108,TinteroVault.totalAssets
FNDA:768,TinteroVault.totalAssets
DA:109,41739
DA:113,512
FN:113,TinteroVault.totalAssetsLent
FNDA:512,TinteroVault.totalAssetsLent
DA:114,512
DA:118,256
FN:118,TinteroVault.lentTo
FNDA:256,TinteroVault.lentTo
DA:119,256
DA:122,256
FN:122,TinteroVault.isLoan
FNDA:256,TinteroVault.isLoan
DA:123,10240
DA:128,256
FN:128,TinteroVault.maxWithdraw
FNDA:256,TinteroVault.maxWithdraw
DA:129,2048
DA:131,2048
DA:132,2048
DA:140,256
FN:140,TinteroVault.maxRedeem
FNDA:256,TinteroVault.maxRedeem
DA:141,2048
DA:142,2048
DA:143,2048
DA:154,29952
FN:154,TinteroVault.deposit
FNDA:29952,TinteroVault.deposit
DA:158,29952
DA:162,1536
FN:162,TinteroVault.mint
FNDA:1536,TinteroVault.mint
DA:166,1536
DA:178,1280
FN:178,TinteroVault.onDebit
FNDA:1280,TinteroVault.onDebit
DA:179,1280
DA:180,1280
DA:188,7168
FN:188,TinteroVault.requestLoan
FNDA:7168,TinteroVault.requestLoan
DA:196,7168
DA:202,6912
BRDA:202,1,0,256
DA:203,6656
DA:217,2048
FN:217,TinteroVault.pushPayments
FNDA:2048,TinteroVault.pushPayments
DA:222,1536
DA:231,5632
FN:231,TinteroVault.pushTranches
FNDA:5632,TinteroVault.pushTranches
DA:236,3072
DA:244,2048
FN:244,TinteroVault.fundN
FNDA:2048,TinteroVault.fundN
DA:248,1792
DA:249,1792
DA:250,1792
DA:251,1536
DA:252,1536
DA:253,1536
DA:254,1536
DA:264,1024
FN:264,TinteroVault.repossess
FNDA:1024,TinteroVault.repossess
DA:270,768
DA:279,768
FN:279,TinteroVault.upgradeLoan
FNDA:768,TinteroVault.upgradeLoan
DA:284,256
DA:292,8192
FN:292,TinteroVault._pushPayments
FNDA:8192,TinteroVault._pushPayments
DA:297,8192
DA:305,81944
FN:305,TinteroVault._decimalsOffset
FNDA:81944,TinteroVault._decimalsOffset
DA:306,81944
DA:314,202
FN:314,TinteroVault._prefix
FNDA:202,TinteroVault._prefix
DA:318,202
FNF:19
FNH:19
LF:51
LH:51
BRF:2
BRH:2
end_of_record
TN:
SF:src/utils/PaymentLib.sol
DA:33,718934
FN:33,PaymentLib.matured
FNDA:718934,PaymentLib.matured
DA:34,718934
DA:38,986210
FN:38,PaymentLib.matured
FNDA:986210,PaymentLib.matured
DA:42,986210
DA:46,1936687
FN:46,PaymentLib.maturedAt
FNDA:1936687,PaymentLib.maturedAt
DA:47,1936687
DA:51,75386
FN:51,PaymentLib.defaulted
FNDA:75386,PaymentLib.defaulted
DA:52,75386
DA:56,75386
FN:56,PaymentLib.defaulted
FNDA:75386,PaymentLib.defaulted
DA:60,75386
DA:64,75386
FN:64,PaymentLib.defaultedAt
FNDA:75386,PaymentLib.defaultedAt
DA:65,75386
DA:69,267276
FN:69,PaymentLib.accruedInterest
FNDA:267276,PaymentLib.accruedInterest
DA:73,267276
DA:74,267276
DA:78,267276
FN:78,PaymentLib.regularAccruedInterest
FNDA:267276,PaymentLib.regularAccruedInterest
DA:82,267276
DA:83,267276
DA:84,267276
DA:88,267276
FN:88,PaymentLib.premiumAccruedInterest
FNDA:267276,PaymentLib.premiumAccruedInterest
DA:92,267276
DA:93,154722
DA:98,421998
FN:98,PaymentLib._accruedInterest
FNDA:421998,PaymentLib._accruedInterest
DA:104,421998
DA:105,421998
DA:106,421998
FNF:10
FNH:10
LF:26
LH:26
BRF:0
BRH:0
end_of_record
